<?xml version="1.0" encoding="UTF-8"?>
<!-- Generated by org.testng.reporters.JUnitXMLReporter -->
<testsuite ignored="0" hostname="khosruzs-MBP.lan" failures="0" tests="7" name="Default test" time="4.492" errors="0" timestamp="2021-09-19T00:14:24 EDT">
  <testcase classname="com.stepDefinition.Steps" name="i_am_on_Swagger_portal_to_get_all_video_games" time="2.366"/>
  <testcase classname="com.stepDefinition.Steps" name="i_added_new_videoGame_in_database" time="0.538"/>
  <testcase classname="com.stepDefinition.Steps" name="i_verify_with_response_message" time="0.119"/>
  <testcase classname="com.stepDefinition.Steps" name="i_update_a_record_on_specific_ID" time="1.134"/>
  <testcase classname="com.stepDefinition.Steps" name="verify_it_has_updated_with_a_response_message" time="0.079"/>
  <testcase classname="com.stepDefinition.Steps" name="i_delete_any_record_from_database" time="0.051"/>
  <testcase classname="com.stepDefinition.Steps" name="verify_the_record_has_deleted_with_response_message" time="0.144"/>
</testsuite> <!-- Default test -->
