<?xml version="1.0" encoding="UTF-8"?>
<!-- Generated by org.testng.reporters.JUnitXMLReporter -->
<testsuite ignored="0" hostname="khosruzs-MBP.lan" failures="0" tests="7" name="BDD TEST" time="4.032" errors="0" timestamp="2021-03-16T13:21:38 EDT">
  <testcase classname="com.stepDefinition.Steps" name="i_am_on_Swagger_portal_to_get_all_video_games" time="2.277"/>
  <testcase classname="com.stepDefinition.Steps" name="i_added_new_videoGame_in_database" time="0.4"/>
  <testcase classname="com.stepDefinition.Steps" name="i_verify_with_response_message" time="0.08"/>
  <testcase classname="com.stepDefinition.Steps" name="i_update_a_record_on_specific_ID" time="0.848"/>
  <testcase classname="com.stepDefinition.Steps" name="verify_it_has_updated_with_a_response_message" time="0.083"/>
  <testcase classname="com.stepDefinition.Steps" name="i_delete_any_record_from_database" time="0.053"/>
  <testcase classname="com.stepDefinition.Steps" name="verify_the_record_has_deleted_with_response_message" time="0.238"/>
</testsuite> <!-- BDD TEST -->
